# JRE version: Java(TM) SE Runtime Environment (8.0_121-b13) (build 1.8.0_121-b13)
# Java VM: Java HotSpot(TM) 64-Bit Server VM (25.121-b13 mixed mode windows-amd64 compressed oops)
Heap:
 PSYoungGen      total 407040K, used 335671K [0x00000000d5a00000, 0x00000000feb80000, 0x0000000100000000)
  eden space 175616K, 100% used [0x00000000d5a00000,0x00000000e0580000,0x00000000e0580000)
  from space 231424K, 69% used [0x00000000e0580000,0x00000000ea1cde58,0x00000000ee780000)
  to   space 231424K, 20% used [0x00000000f0980000,0x00000000f3848000,0x00000000feb80000)
 ParOldGen       total 1119744K, used 808484K [0x0000000080e00000, 0x00000000c5380000, 0x00000000d5a00000)
  object space 1119744K, 72% used [0x0000000080e00000,0x00000000b238b118,0x00000000c5380000)
 Metaspace       used 2588K, capacity 4564K, committed 4864K, reserved 1056768K
  class space    used 286K, capacity 388K, committed 512K, reserved 1048576K
GC Heap History (10 events):
Event: 6.127 GC heap after
Heap after GC invocations=18 (full 4):
 PSYoungGen      total 344064K, used 188960K [0x00000000d5a00000, 0x00000000fbc80000, 0x0000000100000000)
  eden space 140288K, 0% used [0x00000000d5a00000,0x00000000d5a00000,0x00000000de300000)
  from space 203776K, 92% used [0x00000000ec200000,0x00000000f7a88010,0x00000000f8900000)
  to   space 228352K, 0% used [0x00000000de300000,0x00000000de300000,0x00000000ec200000)
 ParOldGen       total 779776K, used 506331K [0x0000000080e00000, 0x00000000b0780000, 0x00000000d5a00000)
  object space 779776K, 64% used [0x0000000080e00000,0x000000009fc76e88,0x00000000b0780000)
 Metaspace       used 2588K, capacity 4564K, committed 4864K, reserved 1056768K
  class space    used 286K, capacity 388K, committed 512K, reserved 1048576K
}
Event: 6.256 GC heap before
{Heap before GC invocations=19 (full 4):
 PSYoungGen      total 344064K, used 329248K [0x00000000d5a00000, 0x00000000fbc80000, 0x0000000100000000)
  eden space 140288K, 100% used [0x00000000d5a00000,0x00000000de300000,0x00000000de300000)
  from space 203776K, 92% used [0x00000000ec200000,0x00000000f7a88010,0x00000000f8900000)
  to   space 228352K, 0% used [0x00000000de300000,0x00000000de300000,0x00000000ec200000)
 ParOldGen       total 779776K, used 506331K [0x0000000080e00000, 0x00000000b0780000, 0x00000000d5a00000)
  object space 779776K, 64% used [0x0000000080e00000,0x000000009fc76e88,0x00000000b0780000)
 Metaspace       used 2588K, capacity 4564K, committed 4864K, reserved 1056768K
  class space    used 286K, capacity 388K, committed 512K, reserved 1048576K
Event: 6.408 GC heap after
Heap after GC invocations=19 (full 4):
 PSYoungGen      total 368640K, used 228320K [0x00000000d5a00000, 0x00000000fc980000, 0x0000000100000000)
  eden space 140288K, 0% used [0x00000000d5a00000,0x00000000d5a00000,0x00000000de300000)
  from space 228352K, 99% used [0x00000000de300000,0x00000000ec1f8020,0x00000000ec200000)
  to   space 231424K, 0% used [0x00000000ee780000,0x00000000ee780000,0x00000000fc980000)
 ParOldGen       total 779776K, used 551707K [0x0000000080e00000, 0x00000000b0780000, 0x00000000d5a00000)
  object space 779776K, 70% used [0x0000000080e00000,0x00000000a28c6e88,0x00000000b0780000)
 Metaspace       used 2588K, capacity 4564K, committed 4864K, reserved 1056768K
  class space    used 286K, capacity 388K, committed 512K, reserved 1048576K
}
Event: 6.525 GC heap before
{Heap before GC invocations=20 (full 4):
 PSYoungGen      total 368640K, used 368608K [0x00000000d5a00000, 0x00000000fc980000, 0x0000000100000000)
  eden space 140288K, 100% used [0x00000000d5a00000,0x00000000de300000,0x00000000de300000)
  from space 228352K, 99% used [0x00000000de300000,0x00000000ec1f8020,0x00000000ec200000)
  to   space 231424K, 0% used [0x00000000ee780000,0x00000000ee780000,0x00000000fc980000)
 ParOldGen       total 779776K, used 551707K [0x0000000080e00000, 0x00000000b0780000, 0x00000000d5a00000)
  object space 779776K, 70% used [0x0000000080e00000,0x00000000a28c6e88,0x00000000b0780000)
 Metaspace       used 2588K, capacity 4564K, committed 4864K, reserved 1056768K
  class space    used 286K, capacity 388K, committed 512K, reserved 1048576K
Event: 6.702 GC heap after
Heap after GC invocations=20 (full 4):
 PSYoungGen      total 407040K, used 231392K [0x00000000d5a00000, 0x00000000fcd80000, 0x0000000100000000)
  eden space 175616K, 0% used [0x00000000d5a00000,0x00000000d5a00000,0x00000000e0580000)
  from space 231424K, 99% used [0x00000000ee780000,0x00000000fc978020,0x00000000fc980000)
  to   space 231424K, 0% used [0x00000000e0580000,0x00000000e0580000,0x00000000ee780000)
 ParOldGen       total 779776K, used 626483K [0x0000000080e00000, 0x00000000b0780000, 0x00000000d5a00000)
  object space 779776K, 80% used [0x0000000080e00000,0x00000000a71cce88,0x00000000b0780000)
 Metaspace       used 2588K, capacity 4564K, committed 4864K, reserved 1056768K
  class space    used 286K, capacity 388K, committed 512K, reserved 1048576K
}
Event: 6.855 GC heap before
{Heap before GC invocations=21 (full 4):
 PSYoungGen      total 407040K, used 407008K [0x00000000d5a00000, 0x00000000fcd80000, 0x0000000100000000)
  eden space 175616K, 100% used [0x00000000d5a00000,0x00000000e0580000,0x00000000e0580000)
  from space 231424K, 99% used [0x00000000ee780000,0x00000000fc978020,0x00000000fc980000)
  to   space 231424K, 0% used [0x00000000e0580000,0x00000000e0580000,0x00000000ee780000)
 ParOldGen       total 779776K, used 626483K [0x0000000080e00000, 0x00000000b0780000, 0x00000000d5a00000)
  object space 779776K, 80% used [0x0000000080e00000,0x00000000a71cce88,0x00000000b0780000)
 Metaspace       used 2588K, capacity 4564K, committed 4864K, reserved 1056768K
  class space    used 286K, capacity 388K, committed 512K, reserved 1048576K
Event: 7.063 GC heap after
Heap after GC invocations=21 (full 4):
 PSYoungGen      total 407040K, used 231392K [0x00000000d5a00000, 0x00000000feb80000, 0x0000000100000000)
  eden space 175616K, 0% used [0x00000000d5a00000,0x00000000d5a00000,0x00000000e0580000)
  from space 231424K, 99% used [0x00000000e0580000,0x00000000ee778010,0x00000000ee780000)
  to   space 231424K, 0% used [0x00000000f0980000,0x00000000f0980000,0x00000000feb80000)
 ParOldGen       total 779776K, used 722755K [0x0000000080e00000, 0x00000000b0780000, 0x00000000d5a00000)
  object space 779776K, 92% used [0x0000000080e00000,0x00000000acfd0e98,0x00000000b0780000)
 Metaspace       used 2588K, capacity 4564K, committed 4864K, reserved 1056768K
  class space    used 286K, capacity 388K, committed 512K, reserved 1048576K
}
Event: 7.063 GC heap before
{Heap before GC invocations=22 (full 5):
 PSYoungGen      total 407040K, used 231392K [0x00000000d5a00000, 0x00000000feb80000, 0x0000000100000000)
  eden space 175616K, 0% used [0x00000000d5a00000,0x00000000d5a00000,0x00000000e0580000)
  from space 231424K, 99% used [0x00000000e0580000,0x00000000ee778010,0x00000000ee780000)
  to   space 231424K, 0% used [0x00000000f0980000,0x00000000f0980000,0x00000000feb80000)
 ParOldGen       total 779776K, used 722755K [0x0000000080e00000, 0x00000000b0780000, 0x00000000d5a00000)
  object space 779776K, 92% used [0x0000000080e00000,0x00000000acfd0e98,0x00000000b0780000)
 Metaspace       used 2588K, capacity 4564K, committed 4864K, reserved 1056768K
  class space    used 286K, capacity 388K, committed 512K, reserved 1048576K
Event: 9.271 GC heap after
Heap after GC invocations=22 (full 5):
 PSYoungGen      total 407040K, used 160055K [0x00000000d5a00000, 0x00000000feb80000, 0x0000000100000000)
  eden space 175616K, 0% used [0x00000000d5a00000,0x00000000d5a00000,0x00000000e0580000)
  from space 231424K, 69% used [0x00000000e0580000,0x00000000ea1cde58,0x00000000ee780000)
  to   space 231424K, 0% used [0x00000000f0980000,0x00000000f0980000,0x00000000feb80000)
 ParOldGen       total 1119744K, used 779756K [0x0000000080e00000, 0x00000000c5380000, 0x00000000d5a00000)
  object space 1119744K, 69% used [0x0000000080e00000,0x00000000b077b118,0x00000000c5380000)
 Metaspace       used 2588K, capacity 4564K, committed 4864K, reserved 1056768K
  class space    used 286K, capacity 388K, committed 512K, reserved 1048576K
}
Event: 9.418 GC heap before
{Heap before GC invocations=23 (full 5):
 PSYoungGen      total 407040K, used 335671K [0x00000000d5a00000, 0x00000000feb80000, 0x0000000100000000)
  eden space 175616K, 100% used [0x00000000d5a00000,0x00000000e0580000,0x00000000e0580000)
  from space 231424K, 69% used [0x00000000e0580000,0x00000000ea1cde58,0x00000000ee780000)
  to   space 231424K, 0% used [0x00000000f0980000,0x00000000f0980000,0x00000000feb80000)
 ParOldGen       total 1119744K, used 779756K [0x0000000080e00000, 0x00000000c5380000, 0x00000000d5a00000)
  object space 1119744K, 69% used [0x0000000080e00000,0x00000000b077b118,0x00000000c5380000)
 Metaspace       used 2588K, capacity 4564K, committed 4864K, reserved 1056768K
  class space    used 286K, capacity 388K, committed 512K, reserved 1048576K

